<?xml version="1.0" encoding="UTF-8"?>
<<<<<<< HEAD
<testsuite xmlns:xsi="http://www.w3.org/2001/XMLSchema-instance" xsi:noNamespaceSchemaLocation="https://maven.apache.org/surefire/maven-surefire-plugin/xsd/surefire-test-report-3.0.xsd" version="3.0" name="test.ControllerTest.JuegoControllerTest" time="1.84" tests="22" errors="0" skipped="0" failures="0">
=======
<testsuite xmlns:xsi="http://www.w3.org/2001/XMLSchema-instance" xsi:noNamespaceSchemaLocation="https://maven.apache.org/surefire/maven-surefire-plugin/xsd/surefire-test-report-3.0.xsd" version="3.0" name="test.ControllerTest.JuegoControllerTest" time="6.224" tests="40" errors="0" skipped="0" failures="0">
>>>>>>> 341040bb410e4680158299a24d336f7f3b080f55
  <properties>
    <property name="java.specification.version" value="17"/>
    <property name="sun.cpu.isalist" value="amd64"/>
    <property name="sun.jnu.encoding" value="Cp1252"/>
    <property name="java.class.path" value="C:\Users\Javi\Documents\GitHub\TQS\target\test-classes;C:\Users\Javi\Documents\GitHub\TQS\target\classes;C:\Users\Javi\.m2\repository\org\junit\jupiter\junit-jupiter\5.8.2\junit-jupiter-5.8.2.jar;C:\Users\Javi\.m2\repository\org\junit\jupiter\junit-jupiter-api\5.8.2\junit-jupiter-api-5.8.2.jar;C:\Users\Javi\.m2\repository\org\opentest4j\opentest4j\1.2.0\opentest4j-1.2.0.jar;C:\Users\Javi\.m2\repository\org\junit\platform\junit-platform-commons\1.8.2\junit-platform-commons-1.8.2.jar;C:\Users\Javi\.m2\repository\org\apiguardian\apiguardian-api\1.1.2\apiguardian-api-1.1.2.jar;C:\Users\Javi\.m2\repository\org\junit\jupiter\junit-jupiter-params\5.8.2\junit-jupiter-params-5.8.2.jar;C:\Users\Javi\.m2\repository\org\junit\jupiter\junit-jupiter-engine\5.8.2\junit-jupiter-engine-5.8.2.jar;C:\Users\Javi\.m2\repository\org\junit\platform\junit-platform-engine\1.8.2\junit-platform-engine-1.8.2.jar;C:\Users\Javi\.m2\repository\org\mockito\mockito-core\4.0.0\mockito-core-4.0.0.jar;C:\Users\Javi\.m2\repository\net\bytebuddy\byte-buddy\1.11.19\byte-buddy-1.11.19.jar;C:\Users\Javi\.m2\repository\net\bytebuddy\byte-buddy-agent\1.11.19\byte-buddy-agent-1.11.19.jar;C:\Users\Javi\.m2\repository\org\objenesis\objenesis\3.2\objenesis-3.2.jar;"/>
    <property name="java.vm.vendor" value="Eclipse Adoptium"/>
    <property name="sun.arch.data.model" value="64"/>
    <property name="user.variant" value=""/>
    <property name="java.vendor.url" value="https://adoptium.net/"/>
    <property name="user.timezone" value="Europe/Madrid"/>
    <property name="os.name" value="Windows 10"/>
    <property name="java.vm.specification.version" value="17"/>
    <property name="sun.java.launcher" value="SUN_STANDARD"/>
    <property name="user.country" value="ES"/>
<<<<<<< HEAD
    <property name="sun.boot.library.path" value="C:\Program Files\Eclipse Adoptium\jdk-17.0.12.7-hotspot\bin"/>
    <property name="sun.java.command" value="C:\Users\Javi\AppData\Local\Temp\surefire7705784995557965375\surefirebooter-20241129194944688_3.jar C:\Users\Javi\AppData\Local\Temp\surefire7705784995557965375 2024-11-29T19-49-44_400-jvmRun1 surefire-20241129194944688_1tmp surefire_0-20241129194944688_2tmp"/>
=======
    <property name="sun.boot.library.path" value="C:\Program Files\Java\jdk-23\bin"/>
    <property name="sun.java.command" value="C:\Users\David Bonilla\AppData\Local\Temp\surefire5817040934774519877\surefirebooter-20241129150559893_3.jar C:\Users\David Bonilla\AppData\Local\Temp\surefire5817040934774519877 2024-11-29T15-05-59_766-jvmRun1 surefire-20241129150559893_1tmp surefire_0-20241129150559893_2tmp"/>
>>>>>>> 341040bb410e4680158299a24d336f7f3b080f55
    <property name="jdk.debug" value="release"/>
    <property name="surefire.test.class.path" value="C:\Users\Javi\Documents\GitHub\TQS\target\test-classes;C:\Users\Javi\Documents\GitHub\TQS\target\classes;C:\Users\Javi\.m2\repository\org\junit\jupiter\junit-jupiter\5.8.2\junit-jupiter-5.8.2.jar;C:\Users\Javi\.m2\repository\org\junit\jupiter\junit-jupiter-api\5.8.2\junit-jupiter-api-5.8.2.jar;C:\Users\Javi\.m2\repository\org\opentest4j\opentest4j\1.2.0\opentest4j-1.2.0.jar;C:\Users\Javi\.m2\repository\org\junit\platform\junit-platform-commons\1.8.2\junit-platform-commons-1.8.2.jar;C:\Users\Javi\.m2\repository\org\apiguardian\apiguardian-api\1.1.2\apiguardian-api-1.1.2.jar;C:\Users\Javi\.m2\repository\org\junit\jupiter\junit-jupiter-params\5.8.2\junit-jupiter-params-5.8.2.jar;C:\Users\Javi\.m2\repository\org\junit\jupiter\junit-jupiter-engine\5.8.2\junit-jupiter-engine-5.8.2.jar;C:\Users\Javi\.m2\repository\org\junit\platform\junit-platform-engine\1.8.2\junit-platform-engine-1.8.2.jar;C:\Users\Javi\.m2\repository\org\mockito\mockito-core\4.0.0\mockito-core-4.0.0.jar;C:\Users\Javi\.m2\repository\net\bytebuddy\byte-buddy\1.11.19\byte-buddy-1.11.19.jar;C:\Users\Javi\.m2\repository\net\bytebuddy\byte-buddy-agent\1.11.19\byte-buddy-agent-1.11.19.jar;C:\Users\Javi\.m2\repository\org\objenesis\objenesis\3.2\objenesis-3.2.jar;"/>
    <property name="sun.cpu.endian" value="little"/>
    <property name="user.home" value="C:\Users\Javi"/>
    <property name="user.language" value="es"/>
    <property name="java.specification.vendor" value="Oracle Corporation"/>
    <property name="java.version.date" value="2024-07-16"/>
    <property name="java.home" value="C:\Program Files\Eclipse Adoptium\jdk-17.0.12.7-hotspot"/>
    <property name="file.separator" value="\"/>
    <property name="basedir" value="C:\Users\Javi\Documents\GitHub\TQS"/>
    <property name="java.vm.compressedOopsMode" value="Zero based"/>
    <property name="line.separator" value="&#10;"/>
    <property name="java.vm.specification.vendor" value="Oracle Corporation"/>
    <property name="java.specification.name" value="Java Platform API Specification"/>
<<<<<<< HEAD
    <property name="surefire.real.class.path" value="C:\Users\Javi\AppData\Local\Temp\surefire7705784995557965375\surefirebooter-20241129194944688_3.jar"/>
=======
    <property name="surefire.real.class.path" value="C:\Users\David Bonilla\AppData\Local\Temp\surefire5817040934774519877\surefirebooter-20241129150559893_3.jar"/>
>>>>>>> 341040bb410e4680158299a24d336f7f3b080f55
    <property name="user.script" value=""/>
    <property name="sun.management.compiler" value="HotSpot 64-Bit Tiered Compilers"/>
    <property name="java.runtime.version" value="17.0.12+7"/>
    <property name="user.name" value="Javi"/>
    <property name="path.separator" value=";"/>
    <property name="os.version" value="10.0"/>
    <property name="java.runtime.name" value="OpenJDK Runtime Environment"/>
    <property name="file.encoding" value="Cp1252"/>
    <property name="java.vm.name" value="OpenJDK 64-Bit Server VM"/>
    <property name="java.vendor.version" value="Temurin-17.0.12+7"/>
    <property name="localRepository" value="C:\Users\Javi\.m2\repository"/>
    <property name="java.vendor.url.bug" value="https://github.com/adoptium/adoptium-support/issues"/>
    <property name="java.io.tmpdir" value="C:\Users\Javi\AppData\Local\Temp\"/>
    <property name="java.version" value="17.0.12"/>
    <property name="user.dir" value="C:\Users\Javi\Documents\GitHub\TQS"/>
    <property name="os.arch" value="amd64"/>
    <property name="java.vm.specification.name" value="Java Virtual Machine Specification"/>
    <property name="sun.os.patch.level" value=""/>
    <property name="native.encoding" value="Cp1252"/>
    <property name="java.library.path" value="C:\Program Files\Eclipse Adoptium\jdk-17.0.12.7-hotspot\bin;C:\Windows\Sun\Java\bin;C:\Windows\system32;C:\Windows;C:\Program Files\Common Files\Oracle\Java\javapath;C:\Program Files\Eclipse Adoptium\jdk-17.0.12.7-hotspot\bin;C:\Windows\system32;C:\Windows;C:\Windows\System32\Wbem;C:\Windows\System32\WindowsPowerShell\v1.0\;C:\Windows\System32\OpenSSH\;C:\Program Files\dotnet\;C:\Program Files (x86)\Windows Kits\10\Windows Performance Toolkit\;C:\Program Files\Git\cmd;C:\ProgramData\chocolatey\bin;C:\ProgramData\chocolatey\lib\maven\apache-maven-3.9.9\bin;C:\Users\Javi\AppData\Local\Microsoft\WindowsApps;C:\Users\Javi\AppData\Local\Programs\Microsoft VS Code\bin;C:\Users\Javi\.dotnet\tools;C:\Users\Javi\AppData\Local\GitHubDesktop\bin;."/>
    <property name="java.vm.info" value="mixed mode, sharing"/>
    <property name="java.vendor" value="Eclipse Adoptium"/>
    <property name="java.vm.version" value="17.0.12+7"/>
    <property name="sun.io.unicode.encoding" value="UnicodeLittle"/>
    <property name="java.class.version" value="61.0"/>
  </properties>
<<<<<<< HEAD
  <testcase name="testJugarTurno_jugarCartaValida1" classname="test.ControllerTest.JuegoControllerTest" time="1.547"/>
  <testcase name="testJugarTurno_jugarCartaValida2" classname="test.ControllerTest.JuegoControllerTest" time="0.01"/>
  <testcase name="testJugarTurno_jugarCartaValida3" classname="test.ControllerTest.JuegoControllerTest" time="0.01"/>
  <testcase name="testJugarTurno_robarCarta" classname="test.ControllerTest.JuegoControllerTest" time="0.005"/>
  <testcase name="testJugarTurno_jugadorGana" classname="test.ControllerTest.JuegoControllerTest" time="0.015"/>
  <testcase name="testVerificarFinDelJuego_ganador" classname="test.ControllerTest.JuegoControllerTest" time="0.005"/>
  <testcase name="testMostrarMenu_Opcion1_Opcion1_IntroducirX" classname="test.ControllerTest.JuegoControllerTest" time="0.02"/>
  <testcase name="testMostrarMenu_Opcion1_Opcion2" classname="test.ControllerTest.JuegoControllerTest" time="0.015"/>
  <testcase name="testMostrarMenu_Opcion1_Opcion3" classname="test.ControllerTest.JuegoControllerTest" time="0.01"/>
  <testcase name="testMostrarMenu_Opcion1_Opcion1_Salir" classname="test.ControllerTest.JuegoControllerTest" time="0.01"/>
  <testcase name="testMostrarMenu_Opcion1_Opcion1_2Jugadores_SalirSinGuardar" classname="test.ControllerTest.JuegoControllerTest" time="0.03"/>
  <testcase name="testJugarTurno_jugarCartaInvalida" classname="test.ControllerTest.JuegoControllerTest" time="0.011"/>
  <testcase name="testMostrarMenu_Opcion1_Opcion1_Introducir0y5" classname="test.ControllerTest.JuegoControllerTest" time="0.009"/>
  <testcase name="testJugarTurno_jugarCartaFueraDeMano1" classname="test.ControllerTest.JuegoControllerTest" time="0.005"/>
  <testcase name="testJugarTurno_jugarCartaFueraDeMano2" classname="test.ControllerTest.JuegoControllerTest" time="0.004"/>
  <testcase name="testMostrarMenu_Opcion2" classname="test.ControllerTest.JuegoControllerTest" time="0.007"/>
  <testcase name="testMostrarMenu_Opcion3" classname="test.ControllerTest.JuegoControllerTest" time="0.005"/>
  <testcase name="testMostrarMenu_Opcion1_OpcionNoValido" classname="test.ControllerTest.JuegoControllerTest" time="0.005"/>
  <testcase name="testMostrarMenu_Opcion1_Opcion1_2Jugadores_SalirGuardando" classname="test.ControllerTest.JuegoControllerTest" time="0.012"/>
  <testcase name="testMostrarMenu_OpcinoNoValido" classname="test.ControllerTest.JuegoControllerTest" time="0.008"/>
  <testcase name="testJugarTurno_jugarCartaNoNumerica" classname="test.ControllerTest.JuegoControllerTest" time="0.005"/>
  <testcase name="testIniciarPartida" classname="test.ControllerTest.JuegoControllerTest" time="0.005"/>
=======
  <testcase name="testGuardarPartida_ArchivoExistente" classname="test.ControllerTest.JuegoControllerTest" time="0.775"/>
  <testcase name="testJugarTurno_jugarCartaValida1" classname="test.ControllerTest.JuegoControllerTest" time="0.049"/>
  <testcase name="testJugarTurno_jugarCartaValida2" classname="test.ControllerTest.JuegoControllerTest" time="0.009"/>
  <testcase name="testJugarTurno_jugarCartaValida3" classname="test.ControllerTest.JuegoControllerTest" time="0.008"/>
  <testcase name="testGuardarPartida_ErrorAlGuardar" classname="test.ControllerTest.JuegoControllerTest" time="0.003"/>
  <testcase name="testMostrarMenuGuardarPartida_Guardar" classname="test.ControllerTest.JuegoControllerTest" time="0.005"/>
  <testcase name="testCargarPartida_NoExisteArchivo" classname="test.ControllerTest.JuegoControllerTest" time="0.003"/>
  <testcase name="testMostrarMenuCargaPartida_Salida" classname="test.ControllerTest.JuegoControllerTest" time="0.008"/>
  <testcase name="testJugarTurno_robarCarta" classname="test.ControllerTest.JuegoControllerTest" time="0.004"/>
  <testcase name="testMostrarMenuCargaPartida_CarpetaNoExiste" classname="test.ControllerTest.JuegoControllerTest" time="0.106"/>
  <testcase name="testJugarTurno_jugadorGana" classname="test.ControllerTest.JuegoControllerTest" time="0.016"/>
  <testcase name="testVerificarUno_NoRespondeATiempo" classname="test.ControllerTest.JuegoControllerTest" time="5.012"/>
  <testcase name="testVerificarFinDelJuego_ganador" classname="test.ControllerTest.JuegoControllerTest" time="0.004"/>
  <testcase name="testMostrarMenuCargaPartida_NoHayPartidasGuardadas" classname="test.ControllerTest.JuegoControllerTest" time="0.002"/>
  <testcase name="testMostrarMenuCargaPartida_OpcionNoValida999" classname="test.ControllerTest.JuegoControllerTest" time="0.006"/>
  <testcase name="testMostrarMenu_Opcion1_Opcion1_IntroducirX" classname="test.ControllerTest.JuegoControllerTest" time="0.008"/>
  <testcase name="testCargarPartida_ErrorAlCargar" classname="test.ControllerTest.JuegoControllerTest" time="0.006"/>
  <testcase name="testMostrarMenuCargaPartida_OpcionNoNumerica" classname="test.ControllerTest.JuegoControllerTest" time="0.006"/>
  <testcase name="testMostrarMenu_Opcion1_Opcion2" classname="test.ControllerTest.JuegoControllerTest" time="0.009"/>
  <testcase name="testMostrarMenu_Opcion1_Opcion3" classname="test.ControllerTest.JuegoControllerTest" time="0.006"/>
  <testcase name="testMostrarMenu_Opcion1_Opcion1_Salir" classname="test.ControllerTest.JuegoControllerTest" time="0.005"/>
  <testcase name="testMostrarMenu_Opcion1_Opcion1_2Jugadores_SalirSinGuardar" classname="test.ControllerTest.JuegoControllerTest" time="0.015"/>
  <testcase name="testGuardarPartida_ErrorGuardado" classname="test.ControllerTest.JuegoControllerTest" time="0.001"/>
  <testcase name="testMostrarMenuCargaPartida_PartidasGuardadas" classname="test.ControllerTest.JuegoControllerTest" time="0.004"/>
  <testcase name="testJugarTurno_jugarCartaInvalida" classname="test.ControllerTest.JuegoControllerTest" time="0.006"/>
  <testcase name="testMostrarMenu_Opcion1_Opcion1_Introducir0y5" classname="test.ControllerTest.JuegoControllerTest" time="0.009"/>
  <testcase name="testJugarTurno_jugarCartaFueraDeMano1" classname="test.ControllerTest.JuegoControllerTest" time="0.004"/>
  <testcase name="testJugarTurno_jugarCartaFueraDeMano2" classname="test.ControllerTest.JuegoControllerTest" time="0.003"/>
  <testcase name="testMostrarMenu_Opcion2" classname="test.ControllerTest.JuegoControllerTest" time="0.006"/>
  <testcase name="testMostrarMenu_Opcion3" classname="test.ControllerTest.JuegoControllerTest" time="0.003"/>
  <testcase name="testVerificarUno_DiceUnoCorrectamente" classname="test.ControllerTest.JuegoControllerTest" time="0.004"/>
  <testcase name="testVerificarUno_RespuestaIncorrecta" classname="test.ControllerTest.JuegoControllerTest" time="0.004"/>
  <testcase name="testMostrarMenuGuardarPartida_Cancelar" classname="test.ControllerTest.JuegoControllerTest" time="0.002"/>
  <testcase name="testMostrarMenu_Opcion1_OpcionNoValido" classname="test.ControllerTest.JuegoControllerTest" time="0.005"/>
  <testcase name="testMostrarMenuCargaPartida_ConPartidaGuardada" classname="test.ControllerTest.JuegoControllerTest" time="0.005"/>
  <testcase name="testMostrarMenu_Opcion1_Opcion1_2Jugadores_SalirGuardando" classname="test.ControllerTest.JuegoControllerTest" time="0.009"/>
  <testcase name="testGuardarPartidaYCargarPartida_Exito" classname="test.ControllerTest.JuegoControllerTest" time="0.018"/>
  <testcase name="testMostrarMenu_OpcinoNoValido" classname="test.ControllerTest.JuegoControllerTest" time="0.005"/>
  <testcase name="testJugarTurno_jugarCartaNoNumerica" classname="test.ControllerTest.JuegoControllerTest" time="0.003"/>
  <testcase name="testMostrarMenuCargaPartida_OpcionNoValida0" classname="test.ControllerTest.JuegoControllerTest" time="0.005"/>
>>>>>>> 341040bb410e4680158299a24d336f7f3b080f55
</testsuite>